c:\users\iesmj\onedrive\escritorio\pang_vj\pangvj\2dgame\02-bubble\02-bubble\debug\vc143.pdb
c:\users\iesmj\onedrive\escritorio\pang_vj\pangvj\2dgame\02-bubble\02-bubble\debug\vc143.idb
c:\users\iesmj\onedrive\escritorio\pang_vj\pangvj\2dgame\02-bubble\02-bubble\debug\tilemap.obj
c:\users\iesmj\onedrive\escritorio\pang_vj\pangvj\2dgame\02-bubble\02-bubble\debug\texturedquad.obj
c:\users\iesmj\onedrive\escritorio\pang_vj\pangvj\2dgame\02-bubble\02-bubble\debug\texture.obj
c:\users\iesmj\onedrive\escritorio\pang_vj\pangvj\2dgame\02-bubble\02-bubble\debug\text.obj
c:\users\iesmj\onedrive\escritorio\pang_vj\pangvj\2dgame\02-bubble\02-bubble\debug\sprite.obj
c:\users\iesmj\onedrive\escritorio\pang_vj\pangvj\2dgame\02-bubble\02-bubble\debug\soundmanager.obj
c:\users\iesmj\onedrive\escritorio\pang_vj\pangvj\2dgame\02-bubble\02-bubble\debug\shaderprogram.obj
c:\users\iesmj\onedrive\escritorio\pang_vj\pangvj\2dgame\02-bubble\02-bubble\debug\shader.obj
c:\users\iesmj\onedrive\escritorio\pang_vj\pangvj\2dgame\02-bubble\02-bubble\debug\scene.obj
c:\users\iesmj\onedrive\escritorio\pang_vj\pangvj\2dgame\02-bubble\02-bubble\debug\power.obj
c:\users\iesmj\onedrive\escritorio\pang_vj\pangvj\2dgame\02-bubble\02-bubble\debug\player.obj
c:\users\iesmj\onedrive\escritorio\pang_vj\pangvj\2dgame\02-bubble\02-bubble\debug\menu.obj
c:\users\iesmj\onedrive\escritorio\pang_vj\pangvj\2dgame\02-bubble\02-bubble\debug\main.obj
c:\users\iesmj\onedrive\escritorio\pang_vj\pangvj\2dgame\02-bubble\02-bubble\debug\levels.obj
c:\users\iesmj\onedrive\escritorio\pang_vj\pangvj\2dgame\02-bubble\02-bubble\debug\hook.obj
c:\users\iesmj\onedrive\escritorio\pang_vj\pangvj\2dgame\02-bubble\02-bubble\debug\game.obj
c:\users\iesmj\onedrive\escritorio\pang_vj\pangvj\2dgame\02-bubble\02-bubble\debug\food.obj
c:\users\iesmj\onedrive\escritorio\pang_vj\pangvj\2dgame\02-bubble\02-bubble\debug\controls.obj
c:\users\iesmj\onedrive\escritorio\pang_vj\pangvj\2dgame\02-bubble\02-bubble\debug\bubble.obj
c:\users\iesmj\onedrive\escritorio\pang_vj\pangvj\2dgame\02-bubble\debug\02-bubble.exe
c:\users\iesmj\onedrive\escritorio\pang_vj\pangvj\2dgame\02-bubble\debug\02-bubble.pdb
c:\users\iesmj\onedrive\escritorio\pang_vj\pangvj\2dgame\02-bubble\02-bubble\debug\02-bubble.ilk
c:\users\iesmj\onedrive\escritorio\pang_vj\pangvj\2dgame\02-bubble\02-bubble\debug\02-bubble.tlog\cl.command.1.tlog
c:\users\iesmj\onedrive\escritorio\pang_vj\pangvj\2dgame\02-bubble\02-bubble\debug\02-bubble.tlog\cl.items.tlog
c:\users\iesmj\onedrive\escritorio\pang_vj\pangvj\2dgame\02-bubble\02-bubble\debug\02-bubble.tlog\cl.read.1.tlog
c:\users\iesmj\onedrive\escritorio\pang_vj\pangvj\2dgame\02-bubble\02-bubble\debug\02-bubble.tlog\cl.write.1.tlog
c:\users\iesmj\onedrive\escritorio\pang_vj\pangvj\2dgame\02-bubble\02-bubble\debug\02-bubble.tlog\link.command.1.tlog
c:\users\iesmj\onedrive\escritorio\pang_vj\pangvj\2dgame\02-bubble\02-bubble\debug\02-bubble.tlog\link.read.1.tlog
c:\users\iesmj\onedrive\escritorio\pang_vj\pangvj\2dgame\02-bubble\02-bubble\debug\02-bubble.tlog\link.secondary.1.tlog
c:\users\iesmj\onedrive\escritorio\pang_vj\pangvj\2dgame\02-bubble\02-bubble\debug\02-bubble.tlog\link.write.1.tlog
