  Bubble.cpp
C:\Users\iesmj\OneDrive\Escritorio\Pang_VJ\PangVJ\2DGame\02-Bubble\02-Bubble\Bubble.cpp(59,24): warning C4390: ';': se encontró una instrucción controlada vacía; ¿es esa la intención?
  Controls.cpp
  Game.cpp
  Hook.cpp
C:\Users\iesmj\OneDrive\Escritorio\Pang_VJ\PangVJ\2DGame\02-Bubble\02-Bubble\Hook.cpp(36,20): warning C4305: '+=': truncamiento de 'double' a 'float'
  Levels.cpp
  main.cpp
  Menu.cpp
  Player.cpp
  Scene.cpp
C:\Users\iesmj\OneDrive\Escritorio\Pang_VJ\PangVJ\2DGame\02-Bubble\02-Bubble\Scene.cpp(258,119): warning C4244: 'argumento': conversión de 'T' a 'float'; posible pérdida de datos
C:\Users\iesmj\OneDrive\Escritorio\Pang_VJ\PangVJ\2DGame\02-Bubble\02-Bubble\Scene.cpp(258,119): warning C4244:         with
C:\Users\iesmj\OneDrive\Escritorio\Pang_VJ\PangVJ\2DGame\02-Bubble\02-Bubble\Scene.cpp(258,119): warning C4244:         [
C:\Users\iesmj\OneDrive\Escritorio\Pang_VJ\PangVJ\2DGame\02-Bubble\02-Bubble\Scene.cpp(258,119): warning C4244:             T=int
C:\Users\iesmj\OneDrive\Escritorio\Pang_VJ\PangVJ\2DGame\02-Bubble\02-Bubble\Scene.cpp(258,119): warning C4244:         ]
C:\Users\iesmj\OneDrive\Escritorio\Pang_VJ\PangVJ\2DGame\02-Bubble\02-Bubble\Scene.cpp(258,91): warning C4244: 'argumento': conversión de 'int' a 'float'; posible pérdida de datos
C:\Users\iesmj\OneDrive\Escritorio\Pang_VJ\PangVJ\2DGame\02-Bubble\02-Bubble\Scene.cpp(258,59): warning C4244: 'argumento': conversión de 'int' a 'float'; posible pérdida de datos
  Shader.cpp
  ShaderProgram.cpp
  SoundManager.cpp
  Sprite.cpp
  Text.cpp
  Texture.cpp
  TexturedQuad.cpp
  TileMap.cpp
SOIL.lib(SOIL.obj) : warning LNK4075: se omite '/EDITANDCONTINUE' debido a la especificación '/OPT:ICF'
LINK : warning LNK4098: la biblioteca predeterminada'MSVCRTD' entra en conflicto con otras bibliotecas; use la biblioteca /NODEFAULTLIB:biblioteca
  Generando código
  Previous IPDB not found, fall back to full compilation.
  All 586 functions were compiled because no usable IPDB/IOBJ from previous compilation was found.
  Generación de código finalizada
SOIL.lib(image_DXT.obj) : warning LNK4099: no se encontró PDB '' con 'SOIL.lib(image_DXT.obj)' o en ''; se vinculará el objeto sin tener en cuenta información de depuración
SOIL.lib(image_helper.obj) : warning LNK4099: no se encontró PDB '' con 'SOIL.lib(image_helper.obj)' o en ''; se vinculará el objeto sin tener en cuenta información de depuración
SOIL.lib(SOIL.obj) : warning LNK4099: no se encontró PDB '' con 'SOIL.lib(SOIL.obj)' o en ''; se vinculará el objeto sin tener en cuenta información de depuración
SOIL.lib(stb_image_aug.obj) : warning LNK4099: no se encontró PDB '' con 'SOIL.lib(stb_image_aug.obj)' o en ''; se vinculará el objeto sin tener en cuenta información de depuración
  02-Bubble.vcxproj -> C:\Users\iesmj\OneDrive\Escritorio\Pang_VJ\PangVJ\2DGame\02-Bubble\Release\02-Bubble.exe
