c:\users\ebhta\source\repos\pangvj\2dgame\02-bubble\02-bubble\release\vc143.pdb
c:\users\ebhta\source\repos\pangvj\2dgame\02-bubble\02-bubble\release\tilemap.obj
c:\users\ebhta\source\repos\pangvj\2dgame\02-bubble\02-bubble\release\texturedquad.obj
c:\users\ebhta\source\repos\pangvj\2dgame\02-bubble\02-bubble\release\texture.obj
c:\users\ebhta\source\repos\pangvj\2dgame\02-bubble\02-bubble\release\text.obj
c:\users\ebhta\source\repos\pangvj\2dgame\02-bubble\02-bubble\release\sprite.obj
c:\users\ebhta\source\repos\pangvj\2dgame\02-bubble\02-bubble\release\shaderprogram.obj
c:\users\ebhta\source\repos\pangvj\2dgame\02-bubble\02-bubble\release\shader.obj
c:\users\ebhta\source\repos\pangvj\2dgame\02-bubble\02-bubble\release\scene.obj
c:\users\ebhta\source\repos\pangvj\2dgame\02-bubble\02-bubble\release\player.obj
c:\users\ebhta\source\repos\pangvj\2dgame\02-bubble\02-bubble\release\menu.obj
c:\users\ebhta\source\repos\pangvj\2dgame\02-bubble\02-bubble\release\main.obj
c:\users\ebhta\source\repos\pangvj\2dgame\02-bubble\02-bubble\release\levels.obj
c:\users\ebhta\source\repos\pangvj\2dgame\02-bubble\02-bubble\release\hook.obj
c:\users\ebhta\source\repos\pangvj\2dgame\02-bubble\02-bubble\release\game.obj
c:\users\ebhta\source\repos\pangvj\2dgame\02-bubble\02-bubble\release\controls.obj
c:\users\ebhta\source\repos\pangvj\2dgame\02-bubble\02-bubble\release\bubble.obj
c:\users\ebhta\source\repos\pangvj\2dgame\02-bubble\02-bubble\release\soundmanager.obj
c:\users\iesmj\onedrive\escritorio\pang_vj\pangvj\2dgame\02-bubble\02-bubble\release\vc143.pdb
c:\users\iesmj\onedrive\escritorio\pang_vj\pangvj\2dgame\02-bubble\02-bubble\release\tilemap.obj
c:\users\iesmj\onedrive\escritorio\pang_vj\pangvj\2dgame\02-bubble\02-bubble\release\texturedquad.obj
c:\users\iesmj\onedrive\escritorio\pang_vj\pangvj\2dgame\02-bubble\02-bubble\release\texture.obj
c:\users\iesmj\onedrive\escritorio\pang_vj\pangvj\2dgame\02-bubble\02-bubble\release\text.obj
c:\users\iesmj\onedrive\escritorio\pang_vj\pangvj\2dgame\02-bubble\02-bubble\release\sprite.obj
c:\users\iesmj\onedrive\escritorio\pang_vj\pangvj\2dgame\02-bubble\02-bubble\release\shaderprogram.obj
c:\users\iesmj\onedrive\escritorio\pang_vj\pangvj\2dgame\02-bubble\02-bubble\release\shader.obj
c:\users\ebhta\source\repos\pangvj\2dgame\02-bubble\release\02-bubble.exe
c:\users\ebhta\source\repos\pangvj\2dgame\02-bubble\release\02-bubble.pdb
c:\users\ebhta\source\repos\pangvj\2dgame\02-bubble\02-bubble\release\02-bubble.ipdb
c:\users\ebhta\source\repos\pangvj\2dgame\02-bubble\02-bubble\release\02-bubble.iobj
c:\users\iesmj\onedrive\escritorio\pang_vj\pangvj\2dgame\02-bubble\02-bubble\release\bubble.obj
c:\users\iesmj\onedrive\escritorio\pang_vj\pangvj\2dgame\02-bubble\02-bubble\release\controls.obj
c:\users\iesmj\onedrive\escritorio\pang_vj\pangvj\2dgame\02-bubble\02-bubble\release\game.obj
c:\users\iesmj\onedrive\escritorio\pang_vj\pangvj\2dgame\02-bubble\02-bubble\release\hook.obj
c:\users\iesmj\onedrive\escritorio\pang_vj\pangvj\2dgame\02-bubble\02-bubble\release\levels.obj
c:\users\iesmj\onedrive\escritorio\pang_vj\pangvj\2dgame\02-bubble\02-bubble\release\main.obj
c:\users\iesmj\onedrive\escritorio\pang_vj\pangvj\2dgame\02-bubble\02-bubble\release\menu.obj
c:\users\iesmj\onedrive\escritorio\pang_vj\pangvj\2dgame\02-bubble\02-bubble\release\player.obj
c:\users\iesmj\onedrive\escritorio\pang_vj\pangvj\2dgame\02-bubble\02-bubble\release\scene.obj
c:\users\iesmj\onedrive\escritorio\pang_vj\pangvj\2dgame\02-bubble\02-bubble\release\soundmanager.obj
c:\users\iesmj\onedrive\escritorio\pang_vj\pangvj\2dgame\02-bubble\02-bubble\release\02-bubble.ipdb
c:\users\iesmj\onedrive\escritorio\pang_vj\pangvj\2dgame\02-bubble\02-bubble\release\02-bubble.iobj
c:\users\iesmj\onedrive\escritorio\pang_vj\pangvj\2dgame\02-bubble\release\02-bubble.pdb
c:\users\iesmj\onedrive\escritorio\pang_vj\pangvj\2dgame\02-bubble\release\02-bubble.exe
c:\users\iesmj\onedrive\escritorio\pang_vj\pangvj\2dgame\02-bubble\02-bubble\release\02-bubble.tlog\cl.command.1.tlog
c:\users\iesmj\onedrive\escritorio\pang_vj\pangvj\2dgame\02-bubble\02-bubble\release\02-bubble.tlog\cl.items.tlog
c:\users\iesmj\onedrive\escritorio\pang_vj\pangvj\2dgame\02-bubble\02-bubble\release\02-bubble.tlog\cl.read.1.tlog
c:\users\iesmj\onedrive\escritorio\pang_vj\pangvj\2dgame\02-bubble\02-bubble\release\02-bubble.tlog\cl.write.1.tlog
c:\users\iesmj\onedrive\escritorio\pang_vj\pangvj\2dgame\02-bubble\02-bubble\release\02-bubble.tlog\link.command.1.tlog
c:\users\iesmj\onedrive\escritorio\pang_vj\pangvj\2dgame\02-bubble\02-bubble\release\02-bubble.tlog\link.read.1.tlog
c:\users\iesmj\onedrive\escritorio\pang_vj\pangvj\2dgame\02-bubble\02-bubble\release\02-bubble.tlog\link.secondary.1.tlog
c:\users\iesmj\onedrive\escritorio\pang_vj\pangvj\2dgame\02-bubble\02-bubble\release\02-bubble.tlog\link.write.1.tlog
