  Bubble.cpp
C:\Users\iesmj\OneDrive\Escritorio\Pang_VJ\PangVJ\2DGame\02-Bubble\02-Bubble\Bubble.cpp(55,24): warning C4390: ';': se encontró una instrucción controlada vacía; ¿es esa la intención?
  Controls.cpp
  Game.cpp
  Levels.cpp
  main.cpp
  Menu.cpp
  Player.cpp
  Scene.cpp
  Shader.cpp
  ShaderProgram.cpp
  Sprite.cpp
  Text.cpp
  Texture.cpp
  TexturedQuad.cpp
  TileMap.cpp
  Generando código...
LINK : warning LNK4098: la biblioteca predeterminada'MSVCRT' entra en conflicto con otras bibliotecas; use la biblioteca /NODEFAULTLIB:biblioteca
SOIL.lib(image_DXT.obj) : warning LNK4099: no se encontró PDB '' con 'SOIL.lib(image_DXT.obj)' o en ''; se vinculará el objeto sin tener en cuenta información de depuración
SOIL.lib(image_helper.obj) : warning LNK4099: no se encontró PDB '' con 'SOIL.lib(image_helper.obj)' o en ''; se vinculará el objeto sin tener en cuenta información de depuración
SOIL.lib(SOIL.obj) : warning LNK4099: no se encontró PDB '' con 'SOIL.lib(SOIL.obj)' o en ''; se vinculará el objeto sin tener en cuenta información de depuración
SOIL.lib(stb_image_aug.obj) : warning LNK4099: no se encontró PDB '' con 'SOIL.lib(stb_image_aug.obj)' o en ''; se vinculará el objeto sin tener en cuenta información de depuración
  02-Bubble.vcxproj -> C:\Users\iesmj\OneDrive\Escritorio\Pang_VJ\PangVJ\2DGame\02-Bubble\Debug\02-Bubble.exe
